  [1m[36mUser Load (0.4ms)[0m  [1m[34mSELECT  "users".* FROM "users" LIMIT ?[0m  [["LIMIT", 11]]
  [1m[35m (0.1ms)[0m  [1m[34mSELECT sqlite_version(*)[0m
  ↳ bin/rails:9
  [1m[35m (1.1ms)[0m  [1m[35mCREATE TABLE "schema_migrations" ("version" varchar NOT NULL PRIMARY KEY)[0m
  ↳ bin/rails:9
  [1m[35m (0.7ms)[0m  [1m[35mCREATE TABLE "ar_internal_metadata" ("key" varchar NOT NULL PRIMARY KEY, "value" varchar, "created_at" datetime NOT NULL, "updated_at" datetime NOT NULL)[0m
  ↳ bin/rails:9
  [1m[35m (0.1ms)[0m  [1m[34mSELECT "schema_migrations"."version" FROM "schema_migrations" ORDER BY "schema_migrations"."version" ASC[0m
  ↳ bin/rails:9
Migrating to CreateUsers (20191202161947)
  [1m[35m (0.1ms)[0m  [1m[36mbegin transaction[0m
  ↳ bin/rails:9
  [1m[35m (0.5ms)[0m  [1m[35mCREATE TABLE "users" ("id" integer PRIMARY KEY AUTOINCREMENT NOT NULL, "name" varchar, "created_at" datetime NOT NULL, "updated_at" datetime NOT NULL)[0m
  ↳ db/migrate/20191202161947_create_users.rb:3
  [1m[36mActiveRecord::SchemaMigration Create (0.2ms)[0m  [1m[32mINSERT INTO "schema_migrations" ("version") VALUES (?)[0m  [["version", "20191202161947"]]
  ↳ bin/rails:9
  [1m[35m (0.7ms)[0m  [1m[36mcommit transaction[0m
  ↳ bin/rails:9
Migrating to CreateLocations (20191202162115)
  [1m[35m (0.0ms)[0m  [1m[36mbegin transaction[0m
  ↳ bin/rails:9
  [1m[35m (0.3ms)[0m  [1m[35mCREATE TABLE "locations" ("id" integer PRIMARY KEY AUTOINCREMENT NOT NULL, "name" varchar, "address" varchar, "admission_fee" float, "created_at" datetime NOT NULL, "updated_at" datetime NOT NULL)[0m
  ↳ db/migrate/20191202162115_create_locations.rb:3
  [1m[36mActiveRecord::SchemaMigration Create (0.1ms)[0m  [1m[32mINSERT INTO "schema_migrations" ("version") VALUES (?)[0m  [["version", "20191202162115"]]
  ↳ bin/rails:9
  [1m[35m (0.5ms)[0m  [1m[36mcommit transaction[0m
  ↳ bin/rails:9
Migrating to CreateVisits (20191202162144)
  [1m[35m (0.0ms)[0m  [1m[36mbegin transaction[0m
  ↳ bin/rails:9
  [1m[35m (0.3ms)[0m  [1m[35mCREATE TABLE "visits" ("id" integer PRIMARY KEY AUTOINCREMENT NOT NULL, "user_id" integer, "location_id" integer, "created_at" datetime NOT NULL, "updated_at" datetime NOT NULL)[0m
  ↳ db/migrate/20191202162144_create_visits.rb:3
  [1m[36mActiveRecord::SchemaMigration Create (0.1ms)[0m  [1m[32mINSERT INTO "schema_migrations" ("version") VALUES (?)[0m  [["version", "20191202162144"]]
  ↳ bin/rails:9
  [1m[35m (0.6ms)[0m  [1m[36mcommit transaction[0m
  ↳ bin/rails:9
  [1m[36mActiveRecord::InternalMetadata Load (0.1ms)[0m  [1m[34mSELECT  "ar_internal_metadata".* FROM "ar_internal_metadata" WHERE "ar_internal_metadata"."key" = ? LIMIT ?[0m  [["key", "environment"], ["LIMIT", 1]]
  ↳ bin/rails:9
  [1m[35m (0.0ms)[0m  [1m[36mbegin transaction[0m
  ↳ bin/rails:9
  [1m[36mActiveRecord::InternalMetadata Create (0.2ms)[0m  [1m[32mINSERT INTO "ar_internal_metadata" ("key", "value", "created_at", "updated_at") VALUES (?, ?, ?, ?)[0m  [["key", "environment"], ["value", "development"], ["created_at", "2019-12-02 16:27:40.161915"], ["updated_at", "2019-12-02 16:27:40.161915"]]
  ↳ bin/rails:9
  [1m[35m (0.5ms)[0m  [1m[36mcommit transaction[0m
  ↳ bin/rails:9
  [1m[35m (0.1ms)[0m  [1m[34mSELECT "schema_migrations"."version" FROM "schema_migrations" ORDER BY "schema_migrations"."version" ASC[0m
  ↳ bin/rails:9
  [1m[35m (0.1ms)[0m  [1m[36mbegin transaction[0m
  [1m[36mUser Create (0.5ms)[0m  [1m[32mINSERT INTO "users" ("name", "created_at", "updated_at") VALUES (?, ?, ?)[0m  [["name", "chine"], ["created_at", "2019-12-02 16:28:55.000337"], ["updated_at", "2019-12-02 16:28:55.000337"]]
  [1m[35m (1.1ms)[0m  [1m[36mcommit transaction[0m
  [1m[35m (0.1ms)[0m  [1m[36mbegin transaction[0m
  [1m[36mLocation Create (0.5ms)[0m  [1m[32mINSERT INTO "locations" ("name", "address", "admission_fee", "created_at", "updated_at") VALUES (?, ?, ?, ?, ?)[0m  [["name", "White House"], ["address", "1600 pennsylvania avenue"], ["admission_fee", 10.0], ["created_at", "2019-12-02 16:31:05.417874"], ["updated_at", "2019-12-02 16:31:05.417874"]]
  [1m[35m (0.7ms)[0m  [1m[36mcommit transaction[0m
  [1m[35m (0.0ms)[0m  [1m[36mbegin transaction[0m
  [1m[36mVisit Create (0.3ms)[0m  [1m[32mINSERT INTO "visits" ("user_id", "location_id", "created_at", "updated_at") VALUES (?, ?, ?, ?)[0m  [["user_id", 1], ["location_id", 1], ["created_at", "2019-12-02 16:32:07.558604"], ["updated_at", "2019-12-02 16:32:07.558604"]]
  [1m[35m (0.8ms)[0m  [1m[36mcommit transaction[0m
  [1m[36mVisit Load (0.3ms)[0m  [1m[34mSELECT  "visits".* FROM "visits" WHERE "visits"."user_id" = ? LIMIT ?[0m  [["user_id", 1], ["LIMIT", 11]]
  [1m[36mLocation Load (0.2ms)[0m  [1m[34mSELECT  "locations".* FROM "locations" INNER JOIN "visits" ON "locations"."id" = "visits"."location_id" WHERE "visits"."user_id" = ? LIMIT ?[0m  [["user_id", 1], ["LIMIT", 11]]
  [1m[36mUser Load (0.3ms)[0m  [1m[34mSELECT  "users".* FROM "users" INNER JOIN "visits" ON "users"."id" = "visits"."user_id" WHERE "visits"."location_id" = ? LIMIT ?[0m  [["location_id", 1], ["LIMIT", 11]]
Started GET "/" for ::1 at 2019-12-02 11:38:33 -0500
  [1m[35m (0.4ms)[0m  [1m[34mSELECT "schema_migrations"."version" FROM "schema_migrations" ORDER BY "schema_migrations"."version" ASC[0m
  ↳ /Users/canikwe/.rvm/gems/ruby-2.6.1/gems/activerecord-5.2.4/lib/active_record/log_subscriber.rb:98
Processing by Rails::WelcomeController#index as HTML
  Rendering /Users/canikwe/.rvm/gems/ruby-2.6.1/gems/railties-5.2.4/lib/rails/templates/rails/welcome/index.html.erb
  Rendered /Users/canikwe/.rvm/gems/ruby-2.6.1/gems/railties-5.2.4/lib/rails/templates/rails/welcome/index.html.erb (3.3ms)
Completed 200 OK in 17ms (Views: 9.5ms | ActiveRecord: 0.0ms)


Started GET "/users" for ::1 at 2019-12-02 11:38:37 -0500
Processing by UsersController#index as HTML
  Rendering users/index.html.erb within layouts/application
  [1m[36mUser Load (0.1ms)[0m  [1m[34mSELECT "users".* FROM "users"[0m
  ↳ app/views/users/index.html.erb:5
  Rendered users/index.html.erb within layouts/application (4.7ms)
Completed 200 OK in 3046ms (Views: 3040.4ms | ActiveRecord: 0.5ms)


Started GET "/users" for ::1 at 2019-12-02 11:39:17 -0500
Processing by UsersController#index as HTML
  Rendering users/index.html.erb within layouts/application
  [1m[36mUser Load (0.2ms)[0m  [1m[34mSELECT "users".* FROM "users"[0m
  ↳ app/views/users/index.html.erb:5
  Rendered users/index.html.erb within layouts/application (114.5ms)
Completed 500 Internal Server Error in 118ms (ActiveRecord: 0.2ms)


  
ActionView::Template::Error (undefined method `user_path' for #<#<Class:0x00007fd6a33a2240>:0x00007fd6a3591d30>
Did you mean?  users_path):
    3: 
    4: <ul>
    5: <% @users.each do |user| %>
    6: <li><%= link_to user.name, user_path(user) %></li>
    7: <% end %>
    8: </ul>
  
app/views/users/index.html.erb:6:in `block in _app_views_users_index_html_erb___2357861545877609000_70279920130260'
app/views/users/index.html.erb:5:in `_app_views_users_index_html_erb___2357861545877609000_70279920130260'
Started GET "/users" for ::1 at 2019-12-02 11:41:28 -0500
Processing by UsersController#index as HTML
  Rendering users/index.html.erb within layouts/application
  [1m[36mUser Load (0.2ms)[0m  [1m[34mSELECT "users".* FROM "users"[0m
  ↳ app/views/users/index.html.erb:5
  Rendered users/index.html.erb within layouts/application (5.3ms)
Completed 200 OK in 23ms (Views: 19.5ms | ActiveRecord: 0.6ms)


Started GET "/users/1" for ::1 at 2019-12-02 11:44:22 -0500
Processing by UsersController#show as HTML
  Parameters: {"id"=>"1"}
  [1m[36mUser Load (0.1ms)[0m  [1m[34mSELECT  "users".* FROM "users" WHERE "users"."id" = ? LIMIT ?[0m  [["id", 1], ["LIMIT", 1]]
  ↳ app/controllers/users_controller.rb:8
  Rendering users/show.html.erb within layouts/application
  Rendered users/show.html.erb within layouts/application (0.4ms)
Completed 200 OK in 19ms (Views: 12.4ms | ActiveRecord: 0.5ms)


Started GET "/users/1" for ::1 at 2019-12-02 11:44:28 -0500
Processing by UsersController#show as HTML
  Parameters: {"id"=>"1"}
  [1m[36mUser Load (0.1ms)[0m  [1m[34mSELECT  "users".* FROM "users" WHERE "users"."id" = ? LIMIT ?[0m  [["id", 1], ["LIMIT", 1]]
  ↳ app/controllers/users_controller.rb:8
  Rendering users/show.html.erb within layouts/application
  Rendered users/show.html.erb within layouts/application (0.7ms)
Completed 200 OK in 19ms (Views: 16.9ms | ActiveRecord: 0.1ms)


Started GET "/users/1" for ::1 at 2019-12-02 11:48:41 -0500
Processing by UsersController#show as HTML
  Parameters: {"id"=>"1"}
  [1m[36mUser Load (0.2ms)[0m  [1m[34mSELECT  "users".* FROM "users" WHERE "users"."id" = ? LIMIT ?[0m  [["id", 1], ["LIMIT", 1]]
  ↳ app/controllers/users_controller.rb:8
  Rendering users/show.html.erb within layouts/application
  [1m[36mLocation Load (0.2ms)[0m  [1m[34mSELECT "locations".* FROM "locations" INNER JOIN "visits" ON "locations"."id" = "visits"."location_id" WHERE "visits"."user_id" = ?[0m  [["user_id", 1]]
  ↳ app/views/users/show.html.erb:6
  Rendered users/show.html.erb within layouts/application (45.2ms)
Completed 200 OK in 70ms (Views: 67.1ms | ActiveRecord: 1.3ms)


Started GET "/users/1" for ::1 at 2019-12-02 11:51:21 -0500
Processing by UsersController#show as HTML
  Parameters: {"id"=>"1"}
  [1m[36mUser Load (0.3ms)[0m  [1m[34mSELECT  "users".* FROM "users" WHERE "users"."id" = ? LIMIT ?[0m  [["id", 1], ["LIMIT", 1]]
  ↳ app/controllers/users_controller.rb:8
  Rendering users/show.html.erb within layouts/application
  [1m[36mLocation Load (0.2ms)[0m  [1m[34mSELECT "locations".* FROM "locations" INNER JOIN "visits" ON "locations"."id" = "visits"."location_id" WHERE "visits"."user_id" = ?[0m  [["user_id", 1]]
  ↳ app/views/users/show.html.erb:6
  Rendered users/show.html.erb within layouts/application (45.1ms)
Completed 200 OK in 78ms (Views: 63.8ms | ActiveRecord: 2.9ms)


Started GET "/users/new" for ::1 at 2019-12-02 11:51:24 -0500
Processing by UsersController#new as HTML
  Rendering users/new.html.erb within layouts/application
  Rendered users/new.html.erb within layouts/application (0.4ms)
Completed 200 OK in 23ms (Views: 21.6ms | ActiveRecord: 0.0ms)


Started GET "/users/new" for ::1 at 2019-12-02 11:51:29 -0500
Processing by UsersController#new as HTML
  Rendering users/new.html.erb within layouts/application
  Rendered users/new.html.erb within layouts/application (0.3ms)
Completed 200 OK in 20ms (Views: 18.8ms | ActiveRecord: 0.0ms)


Started GET "/users/new" for ::1 at 2019-12-02 11:51:41 -0500
Processing by UsersController#new as HTML
  Rendering users/new.html.erb within layouts/application
  Rendered users/new.html.erb within layouts/application (0.3ms)
Completed 200 OK in 19ms (Views: 17.7ms | ActiveRecord: 0.0ms)


Started GET "/users/new" for ::1 at 2019-12-02 11:53:47 -0500
Processing by UsersController#new as HTML
  Rendering users/new.html.erb within layouts/application
  Rendered users/new.html.erb within layouts/application (1.3ms)
Completed 500 Internal Server Error in 4ms (ActiveRecord: 0.0ms)


  
ActionView::Template::Error (First argument in form cannot contain nil or be empty):
    1: <h1>Create a New User</h1>
    2: 
    3: <%= form_for @user do |f| %>
    4:   <%= f.label :name %>
    5:   <%= f.text_field :name %>
    6:   <%= f.submit %>
  
app/views/users/new.html.erb:3:in `_app_views_users_new_html_erb___3103647481867715171_70279925751940'
Started GET "/users/new" for ::1 at 2019-12-02 11:55:19 -0500
Processing by UsersController#new as HTML
  Rendering users/new.html.erb within layouts/application
  Rendered users/new.html.erb within layouts/application (2.2ms)
Completed 500 Internal Server Error in 6ms (ActiveRecord: 0.0ms)


  
ActionView::Template::Error (First argument in form cannot contain nil or be empty):
    1: <h1>Create a New User</h1>
    2: 
    3: <%= form_for @user do |f| %>
    4:   <%= f.label :name %>
    5:   <%= f.text_field :name %>
    6:   <%= f.submit %>
  
app/views/users/new.html.erb:3:in `_app_views_users_new_html_erb___3103647481867715171_70279909914220'
Started GET "/users/new" for ::1 at 2019-12-02 11:55:30 -0500
Processing by UsersController#new as HTML
  Rendering users/new.html.erb within layouts/application
  Rendered users/new.html.erb within layouts/application (30.8ms)
Completed 200 OK in 59ms (Views: 50.5ms | ActiveRecord: 0.5ms)


Started POST "/users" for ::1 at 2019-12-02 11:55:52 -0500
  
ActionController::RoutingError (No route matches [POST] "/users"):
  
actionpack (5.2.4) lib/action_dispatch/middleware/debug_exceptions.rb:65:in `call'
web-console (3.7.0) lib/web_console/middleware.rb:135:in `call_app'
web-console (3.7.0) lib/web_console/middleware.rb:30:in `block in call'
web-console (3.7.0) lib/web_console/middleware.rb:20:in `catch'
web-console (3.7.0) lib/web_console/middleware.rb:20:in `call'
actionpack (5.2.4) lib/action_dispatch/middleware/show_exceptions.rb:33:in `call'
railties (5.2.4) lib/rails/rack/logger.rb:38:in `call_app'
railties (5.2.4) lib/rails/rack/logger.rb:26:in `block in call'
activesupport (5.2.4) lib/active_support/tagged_logging.rb:71:in `block in tagged'
activesupport (5.2.4) lib/active_support/tagged_logging.rb:28:in `tagged'
activesupport (5.2.4) lib/active_support/tagged_logging.rb:71:in `tagged'
railties (5.2.4) lib/rails/rack/logger.rb:26:in `call'
sprockets-rails (3.2.1) lib/sprockets/rails/quiet_assets.rb:13:in `call'
actionpack (5.2.4) lib/action_dispatch/middleware/remote_ip.rb:81:in `call'
actionpack (5.2.4) lib/action_dispatch/middleware/request_id.rb:27:in `call'
rack (2.0.7) lib/rack/method_override.rb:22:in `call'
rack (2.0.7) lib/rack/runtime.rb:22:in `call'
activesupport (5.2.4) lib/active_support/cache/strategy/local_cache_middleware.rb:29:in `call'
actionpack (5.2.4) lib/action_dispatch/middleware/executor.rb:14:in `call'
actionpack (5.2.4) lib/action_dispatch/middleware/static.rb:127:in `call'
rack (2.0.7) lib/rack/sendfile.rb:111:in `call'
railties (5.2.4) lib/rails/engine.rb:524:in `call'
puma (3.12.1) lib/puma/configuration.rb:227:in `call'
puma (3.12.1) lib/puma/server.rb:660:in `handle_request'
puma (3.12.1) lib/puma/server.rb:474:in `process_client'
puma (3.12.1) lib/puma/server.rb:334:in `block in run'
puma (3.12.1) lib/puma/thread_pool.rb:135:in `block in spawn_thread'
Started GET "/usersnew" for ::1 at 2019-12-02 11:57:55 -0500
  
ActionController::RoutingError (No route matches [GET] "/usersnew"):
  
actionpack (5.2.4) lib/action_dispatch/middleware/debug_exceptions.rb:65:in `call'
web-console (3.7.0) lib/web_console/middleware.rb:135:in `call_app'
web-console (3.7.0) lib/web_console/middleware.rb:30:in `block in call'
web-console (3.7.0) lib/web_console/middleware.rb:20:in `catch'
web-console (3.7.0) lib/web_console/middleware.rb:20:in `call'
actionpack (5.2.4) lib/action_dispatch/middleware/show_exceptions.rb:33:in `call'
railties (5.2.4) lib/rails/rack/logger.rb:38:in `call_app'
railties (5.2.4) lib/rails/rack/logger.rb:26:in `block in call'
activesupport (5.2.4) lib/active_support/tagged_logging.rb:71:in `block in tagged'
activesupport (5.2.4) lib/active_support/tagged_logging.rb:28:in `tagged'
activesupport (5.2.4) lib/active_support/tagged_logging.rb:71:in `tagged'
railties (5.2.4) lib/rails/rack/logger.rb:26:in `call'
sprockets-rails (3.2.1) lib/sprockets/rails/quiet_assets.rb:13:in `call'
actionpack (5.2.4) lib/action_dispatch/middleware/remote_ip.rb:81:in `call'
actionpack (5.2.4) lib/action_dispatch/middleware/request_id.rb:27:in `call'
rack (2.0.7) lib/rack/method_override.rb:22:in `call'
rack (2.0.7) lib/rack/runtime.rb:22:in `call'
activesupport (5.2.4) lib/active_support/cache/strategy/local_cache_middleware.rb:29:in `call'
actionpack (5.2.4) lib/action_dispatch/middleware/executor.rb:14:in `call'
actionpack (5.2.4) lib/action_dispatch/middleware/static.rb:127:in `call'
rack (2.0.7) lib/rack/sendfile.rb:111:in `call'
railties (5.2.4) lib/rails/engine.rb:524:in `call'
puma (3.12.1) lib/puma/configuration.rb:227:in `call'
puma (3.12.1) lib/puma/server.rb:660:in `handle_request'
puma (3.12.1) lib/puma/server.rb:474:in `process_client'
puma (3.12.1) lib/puma/server.rb:334:in `block in run'
puma (3.12.1) lib/puma/thread_pool.rb:135:in `block in spawn_thread'
Started GET "/users/new" for ::1 at 2019-12-02 11:58:01 -0500
Processing by UsersController#new as HTML
  Rendering users/new.html.erb within layouts/application
  Rendered users/new.html.erb within layouts/application (2.3ms)
Completed 200 OK in 31ms (Views: 21.6ms | ActiveRecord: 0.6ms)


Started POST "/users" for ::1 at 2019-12-02 11:58:05 -0500
Processing by UsersController#create as HTML
  Parameters: {"utf8"=>"✓", "authenticity_token"=>"nH+XGT4Rq4rn+whZfKYmkc89CmWNaiv92WbcFUnHGadwo+8zh4vFPxR01SsFKEIRDfiyNTdz4UAuXpJEGpb1wA==", "user"=>{"name"=>"Jasur"}, "commit"=>"Create User"}
Completed 500 Internal Server Error in 377319ms (ActiveRecord: 0.0ms)


  
SystemExit (exit):
  
(byebug):1:in `exit'
(byebug):1:in `create'
app/controllers/users_controller.rb:17:in `create'
Started GET "/users/new" for ::1 at 2019-12-02 12:04:29 -0500
Processing by UsersController#new as HTML
  Rendering users/new.html.erb within layouts/application
  Rendered users/new.html.erb within layouts/application (41.7ms)
Completed 200 OK in 662ms (Views: 508.3ms | ActiveRecord: 5.5ms)


Started POST "/users" for ::1 at 2019-12-02 12:04:35 -0500
Processing by UsersController#create as HTML
  Parameters: {"utf8"=>"✓", "authenticity_token"=>"c9c62N2rCFHf+EfSwLGCmsH1Buc0S5DNaBaGFFF4z1+fC0LyZDFm5Cx3mqC5P+YaAzC+t45SWnCfLshFAikjOA==", "user"=>{"name"=>"Jasur"}, "commit"=>"Create User"}
  [1m[35m (0.6ms)[0m  [1m[36mbegin transaction[0m
  ↳ app/controllers/users_controller.rb:16
  [1m[36mUser Create (1.7ms)[0m  [1m[32mINSERT INTO "users" ("name", "created_at", "updated_at") VALUES (?, ?, ?)[0m  [["name", "Jasur"], ["created_at", "2019-12-02 17:04:35.226997"], ["updated_at", "2019-12-02 17:04:35.226997"]]
  ↳ app/controllers/users_controller.rb:16
  [1m[35m (1.9ms)[0m  [1m[36mcommit transaction[0m
  ↳ app/controllers/users_controller.rb:16
No template found for UsersController#create, rendering head :no_content
Completed 204 No Content in 133ms (ActiveRecord: 4.1ms)


Started GET "/users" for ::1 at 2019-12-02 12:04:57 -0500
Processing by UsersController#index as HTML
  Rendering users/index.html.erb within layouts/application
  [1m[36mUser Load (11.8ms)[0m  [1m[34mSELECT "users".* FROM "users"[0m
  ↳ app/views/users/index.html.erb:5
  Rendered users/index.html.erb within layouts/application (28.4ms)
Completed 200 OK in 637ms (Views: 611.5ms | ActiveRecord: 11.8ms)


Started GET "/users/2" for ::1 at 2019-12-02 12:05:00 -0500
Processing by UsersController#show as HTML
  Parameters: {"id"=>"2"}
  [1m[36mUser Load (1.3ms)[0m  [1m[34mSELECT  "users".* FROM "users" WHERE "users"."id" = ? LIMIT ?[0m  [["id", 2], ["LIMIT", 1]]
  ↳ app/controllers/users_controller.rb:8
  Rendering users/show.html.erb within layouts/application
  [1m[36mLocation Load (1.1ms)[0m  [1m[34mSELECT "locations".* FROM "locations" INNER JOIN "visits" ON "locations"."id" = "visits"."location_id" WHERE "visits"."user_id" = ?[0m  [["user_id", 2]]
  ↳ app/views/users/show.html.erb:6
  Rendered users/show.html.erb within layouts/application (301.0ms)
Completed 200 OK in 810ms (Views: 759.1ms | ActiveRecord: 15.0ms)


Started GET "/users/new" for ::1 at 2019-12-02 12:06:22 -0500
Processing by UsersController#new as HTML
  Rendering users/new.html.erb within layouts/application
  Rendered users/new.html.erb within layouts/application (39.1ms)
Completed 200 OK in 892ms (Views: 707.2ms | ActiveRecord: 7.4ms)


Started POST "/users" for ::1 at 2019-12-02 12:06:28 -0500
Processing by UsersController#create as HTML
  Parameters: {"utf8"=>"✓", "authenticity_token"=>"6njsGK8OZeIVCb7KJYXFN+cg+qAU8h1HlKqDpagAmJ8GpJQyFpQLV+aGY7hcC6G3JeVC8K7r1/pjks30+1F0+A==", "user"=>{"name"=>"Paul"}, "commit"=>"Create User"}
  [1m[35m (1.2ms)[0m  [1m[36mbegin transaction[0m
  ↳ app/controllers/users_controller.rb:16
  [1m[36mUser Create (1.3ms)[0m  [1m[32mINSERT INTO "users" ("name", "created_at", "updated_at") VALUES (?, ?, ?)[0m  [["name", "Paul"], ["created_at", "2019-12-02 17:06:28.115833"], ["updated_at", "2019-12-02 17:06:28.115833"]]
  ↳ app/controllers/users_controller.rb:16
  [1m[35m (1.9ms)[0m  [1m[36mcommit transaction[0m
  ↳ app/controllers/users_controller.rb:16
Redirected to http://localhost:3000/users/3
Completed 302 Found in 94ms (ActiveRecord: 4.5ms)


Started GET "/users/3" for ::1 at 2019-12-02 12:06:28 -0500
Processing by UsersController#show as HTML
  Parameters: {"id"=>"3"}
  [1m[36mUser Load (8.6ms)[0m  [1m[34mSELECT  "users".* FROM "users" WHERE "users"."id" = ? LIMIT ?[0m  [["id", 3], ["LIMIT", 1]]
  ↳ app/controllers/users_controller.rb:8
  Rendering users/show.html.erb within layouts/application
  [1m[36mLocation Load (1.3ms)[0m  [1m[34mSELECT "locations".* FROM "locations" INNER JOIN "visits" ON "locations"."id" = "visits"."location_id" WHERE "visits"."user_id" = ?[0m  [["user_id", 3]]
  ↳ app/views/users/show.html.erb:6
  Rendered users/show.html.erb within layouts/application (235.5ms)
Completed 200 OK in 917ms (Views: 823.8ms | ActiveRecord: 24.0ms)


Started GET "/users/new" for ::1 at 2019-12-02 12:13:23 -0500
Processing by UsersController#new as HTML
  Rendering users/new.html.erb within layouts/application
  Rendered users/_user_form.html.erb (48.2ms)
  Rendered users/new.html.erb within layouts/application (55.2ms)
Completed 200 OK in 889ms (Views: 684.9ms | ActiveRecord: 14.9ms)


Started POST "/users" for ::1 at 2019-12-02 12:13:30 -0500
Processing by UsersController#create as HTML
  Parameters: {"utf8"=>"✓", "authenticity_token"=>"lHudylxIEWBFvNzaMFdjaDKtB7kG6HaO5NepS6I0zuV4p+Xg5dJ/1bYzAahJ2Qfo8Gi/6bzxvDMT7+ca8WUigg==", "user"=>{"name"=>"Ryan"}, "commit"=>"Create User"}
  [1m[35m (1.1ms)[0m  [1m[36mbegin transaction[0m
  ↳ app/controllers/users_controller.rb:17
  [1m[36mUser Create (1.5ms)[0m  [1m[32mINSERT INTO "users" ("name", "created_at", "updated_at") VALUES (?, ?, ?)[0m  [["name", "Ryan"], ["created_at", "2019-12-02 17:13:30.590656"], ["updated_at", "2019-12-02 17:13:30.590656"]]
  ↳ app/controllers/users_controller.rb:17
  [1m[35m (2.7ms)[0m  [1m[36mcommit transaction[0m
  ↳ app/controllers/users_controller.rb:17
Redirected to http://localhost:3000/users/4
Completed 302 Found in 105ms (ActiveRecord: 5.3ms)


Started GET "/users/4" for ::1 at 2019-12-02 12:13:30 -0500
Processing by UsersController#show as HTML
  Parameters: {"id"=>"4"}
  [1m[36mUser Load (1.9ms)[0m  [1m[34mSELECT  "users".* FROM "users" WHERE "users"."id" = ? LIMIT ?[0m  [["id", 4], ["LIMIT", 1]]
  ↳ app/controllers/users_controller.rb:32
  Rendering users/show.html.erb within layouts/application
  [1m[36mLocation Load (1.6ms)[0m  [1m[34mSELECT "locations".* FROM "locations" INNER JOIN "visits" ON "locations"."id" = "visits"."location_id" WHERE "visits"."user_id" = ?[0m  [["user_id", 4]]
  ↳ app/views/users/show.html.erb:6
  Rendered users/show.html.erb within layouts/application (232.2ms)
Completed 200 OK in 898ms (Views: 815.1ms | ActiveRecord: 17.9ms)


Started GET "/users/4" for ::1 at 2019-12-02 12:15:53 -0500
Processing by UsersController#show as HTML
  Parameters: {"id"=>"4"}
  [1m[36mUser Load (1.0ms)[0m  [1m[34mSELECT  "users".* FROM "users" WHERE "users"."id" = ? LIMIT ?[0m  [["id", 4], ["LIMIT", 1]]
  ↳ app/controllers/users_controller.rb:32
  Rendering users/show.html.erb within layouts/application
  [1m[36mLocation Load (1.1ms)[0m  [1m[34mSELECT "locations".* FROM "locations" INNER JOIN "visits" ON "locations"."id" = "visits"."location_id" WHERE "visits"."user_id" = ?[0m  [["user_id", 4]]
  ↳ app/views/users/show.html.erb:6
  Rendered users/show.html.erb within layouts/application (42.5ms)
Completed 200 OK in 758ms (Views: 718.1ms | ActiveRecord: 2.1ms)


Started GET "/users/4/edit" for ::1 at 2019-12-02 12:15:55 -0500
Processing by UsersController#edit as HTML
  Parameters: {"id"=>"4"}
  [1m[36mUser Load (1.0ms)[0m  [1m[34mSELECT  "users".* FROM "users" WHERE "users"."id" = ? LIMIT ?[0m  [["id", 4], ["LIMIT", 1]]
  ↳ app/controllers/users_controller.rb:32
  Rendering users/edit.html.erb within layouts/application
  Rendered users/_user_form.html.erb (45.6ms)
  Rendered users/edit.html.erb within layouts/application (51.7ms)
Completed 200 OK in 690ms (Views: 666.1ms | ActiveRecord: 1.0ms)


Started PATCH "/users/4" for ::1 at 2019-12-02 12:16:07 -0500
  
ActionController::RoutingError (No route matches [PATCH] "/users/4"):
  
actionpack (5.2.4) lib/action_dispatch/middleware/debug_exceptions.rb:65:in `call'
web-console (3.7.0) lib/web_console/middleware.rb:135:in `call_app'
web-console (3.7.0) lib/web_console/middleware.rb:30:in `block in call'
web-console (3.7.0) lib/web_console/middleware.rb:20:in `catch'
web-console (3.7.0) lib/web_console/middleware.rb:20:in `call'
actionpack (5.2.4) lib/action_dispatch/middleware/show_exceptions.rb:33:in `call'
railties (5.2.4) lib/rails/rack/logger.rb:38:in `call_app'
railties (5.2.4) lib/rails/rack/logger.rb:26:in `block in call'
activesupport (5.2.4) lib/active_support/tagged_logging.rb:71:in `block in tagged'
activesupport (5.2.4) lib/active_support/tagged_logging.rb:28:in `tagged'
activesupport (5.2.4) lib/active_support/tagged_logging.rb:71:in `tagged'
railties (5.2.4) lib/rails/rack/logger.rb:26:in `call'
sprockets-rails (3.2.1) lib/sprockets/rails/quiet_assets.rb:13:in `call'
actionpack (5.2.4) lib/action_dispatch/middleware/remote_ip.rb:81:in `call'
actionpack (5.2.4) lib/action_dispatch/middleware/request_id.rb:27:in `call'
rack (2.0.7) lib/rack/method_override.rb:22:in `call'
rack (2.0.7) lib/rack/runtime.rb:22:in `call'
activesupport (5.2.4) lib/active_support/cache/strategy/local_cache_middleware.rb:29:in `call'
actionpack (5.2.4) lib/action_dispatch/middleware/executor.rb:14:in `call'
actionpack (5.2.4) lib/action_dispatch/middleware/static.rb:127:in `call'
rack (2.0.7) lib/rack/sendfile.rb:111:in `call'
railties (5.2.4) lib/rails/engine.rb:524:in `call'
puma (3.12.1) lib/puma/configuration.rb:227:in `call'
puma (3.12.1) lib/puma/server.rb:660:in `handle_request'
puma (3.12.1) lib/puma/server.rb:474:in `process_client'
puma (3.12.1) lib/puma/server.rb:334:in `block in run'
puma (3.12.1) lib/puma/thread_pool.rb:135:in `block in spawn_thread'
Started POST "/__web_console/repl_sessions/c5e9f1576e81601258ad6a8fc4ec93c4/trace" for ::1 at 2019-12-02 12:16:12 -0500
Started GET "/users/4/edit" for ::1 at 2019-12-02 12:18:41 -0500
Processing by UsersController#edit as HTML
  Parameters: {"id"=>"4"}
  [1m[36mUser Load (1.7ms)[0m  [1m[34mSELECT  "users".* FROM "users" WHERE "users"."id" = ? LIMIT ?[0m  [["id", 4], ["LIMIT", 1]]
  ↳ app/controllers/users_controller.rb:37
  Rendering users/edit.html.erb within layouts/application
  Rendered users/_user_form.html.erb (48.6ms)
  Rendered users/edit.html.erb within layouts/application (58.9ms)
Completed 200 OK in 877ms (Views: 656.2ms | ActiveRecord: 8.8ms)


Started PATCH "/users/4" for ::1 at 2019-12-02 12:18:46 -0500
Processing by UsersController#update as HTML
  Parameters: {"utf8"=>"✓", "authenticity_token"=>"EqyjAkJHoZtN4py9+lFBg4mYyZXoAmUcuYzOyTq90vj+cNso+93PLr5tQc+D3yUDS11xxVIbr6FOtICYaew+nw==", "user"=>{"name"=>"Ryan!!!"}, "commit"=>"Update User", "id"=>"4"}
  [1m[36mUser Load (1.3ms)[0m  [1m[34mSELECT  "users".* FROM "users" WHERE "users"."id" = ? LIMIT ?[0m  [["id", 4], ["LIMIT", 1]]
  ↳ app/controllers/users_controller.rb:37
  [1m[35m (0.8ms)[0m  [1m[36mbegin transaction[0m
  ↳ app/controllers/users_controller.rb:26
  [1m[36mUser Update (1.3ms)[0m  [1m[33mUPDATE "users" SET "name" = ?, "updated_at" = ? WHERE "users"."id" = ?[0m  [["name", "Ryan!!!"], ["updated_at", "2019-12-02 17:18:46.641745"], ["id", 4]]
  ↳ app/controllers/users_controller.rb:26
  [1m[35m (1.9ms)[0m  [1m[36mcommit transaction[0m
  ↳ app/controllers/users_controller.rb:26
Redirected to http://localhost:3000/users/4
Completed 302 Found in 134ms (ActiveRecord: 5.4ms)


Started GET "/users/4" for ::1 at 2019-12-02 12:18:46 -0500
Processing by UsersController#show as HTML
  Parameters: {"id"=>"4"}
  [1m[36mUser Load (1.0ms)[0m  [1m[34mSELECT  "users".* FROM "users" WHERE "users"."id" = ? LIMIT ?[0m  [["id", 4], ["LIMIT", 1]]
  ↳ app/controllers/users_controller.rb:37
  Rendering users/show.html.erb within layouts/application
  [1m[36mLocation Load (1.8ms)[0m  [1m[34mSELECT "locations".* FROM "locations" INNER JOIN "visits" ON "locations"."id" = "visits"."location_id" WHERE "visits"."user_id" = ?[0m  [["user_id", 4]]
  ↳ app/views/users/show.html.erb:6
  Rendered users/show.html.erb within layouts/application (264.2ms)
Completed 200 OK in 895ms (Views: 835.7ms | ActiveRecord: 12.5ms)


Started GET "/users/4" for ::1 at 2019-12-02 12:23:38 -0500
Processing by UsersController#show as HTML
  Parameters: {"id"=>"4"}
  [1m[36mUser Load (1.2ms)[0m  [1m[34mSELECT  "users".* FROM "users" WHERE "users"."id" = ? LIMIT ?[0m  [["id", 4], ["LIMIT", 1]]
  ↳ app/controllers/users_controller.rb:42
  Rendering users/show.html.erb within layouts/application
  [1m[36mLocation Load (9.4ms)[0m  [1m[34mSELECT "locations".* FROM "locations" INNER JOIN "visits" ON "locations"."id" = "visits"."location_id" WHERE "visits"."user_id" = ?[0m  [["user_id", 4]]
  ↳ app/views/users/show.html.erb:6
  Rendered users/show.html.erb within layouts/application (243.9ms)
Completed 200 OK in 1133ms (Views: 910.6ms | ActiveRecord: 25.4ms)


Started DELETE "/users/4" for ::1 at 2019-12-02 12:23:44 -0500
Processing by UsersController#destroy as HTML
  Parameters: {"authenticity_token"=>"t0OBnqMk002/qHVjXGoUESiWO3JUmBRczn7ryhTWKgNbn/m0Gr69+EwnqBEl5HCR6lODIu6B3uE5RqWbR4fGZA==", "id"=>"4"}
  [1m[36mUser Load (1.3ms)[0m  [1m[34mSELECT  "users".* FROM "users" WHERE "users"."id" = ? LIMIT ?[0m  [["id", 4], ["LIMIT", 1]]
  ↳ app/controllers/users_controller.rb:42
  [1m[35m (0.5ms)[0m  [1m[36mbegin transaction[0m
  ↳ app/controllers/users_controller.rb:31
  [1m[36mUser Destroy (2.2ms)[0m  [1m[31mDELETE FROM "users" WHERE "users"."id" = ?[0m  [["id", 4]]
  ↳ app/controllers/users_controller.rb:31
  [1m[35m (1.5ms)[0m  [1m[36mcommit transaction[0m
  ↳ app/controllers/users_controller.rb:31
Redirected to http://localhost:3000/users
Completed 302 Found in 88ms (ActiveRecord: 5.5ms)


Started GET "/users" for ::1 at 2019-12-02 12:23:44 -0500
Processing by UsersController#index as HTML
  Rendering users/index.html.erb within layouts/application
  [1m[36mUser Load (10.3ms)[0m  [1m[34mSELECT "users".* FROM "users"[0m
  ↳ app/views/users/index.html.erb:5
  Rendered users/index.html.erb within layouts/application (34.8ms)
Completed 200 OK in 678ms (Views: 631.5ms | ActiveRecord: 10.3ms)


Started GET "/users/new" for ::1 at 2019-12-02 12:24:40 -0500
Processing by UsersController#new as HTML
  Rendering users/new.html.erb within layouts/application
  Rendered users/_user_form.html.erb (35.3ms)
  Rendered users/new.html.erb within layouts/application (41.6ms)
Completed 200 OK in 662ms (Views: 517.9ms | ActiveRecord: 11.6ms)


Started POST "/users" for ::1 at 2019-12-02 12:24:51 -0500
Processing by UsersController#create as HTML
  Parameters: {"utf8"=>"✓", "authenticity_token"=>"7eaz/O0RXwlt49zGk+kfD+EppmrQ+k9vAfzZ3BJEY6gBOsvWVIsxvJ5sAbTqZ3uPI+weOmrjhdL2xJeNQRWPzw==", "user"=>{"name"=>""}, "commit"=>"Create User"}
  [1m[35m (0.7ms)[0m  [1m[36mbegin transaction[0m
  ↳ app/controllers/users_controller.rb:17
  [1m[35m (0.6ms)[0m  [1m[31mrollback transaction[0m
  ↳ app/controllers/users_controller.rb:17
Completed 500 Internal Server Error in 68ms (ActiveRecord: 1.3ms)


  
ActionController::UrlGenerationError (No route matches {:action=>"show", :controller=>"users", :id=>nil}, missing required keys: [:id]):
  
app/controllers/users_controller.rb:18:in `create'
Started GET "/users/new" for ::1 at 2019-12-02 12:26:25 -0500
Processing by UsersController#new as HTML
  Rendering users/new.html.erb within layouts/application
  Rendered users/_user_form.html.erb (43.7ms)
  Rendered users/new.html.erb within layouts/application (58.7ms)
Completed 200 OK in 830ms (Views: 649.3ms | ActiveRecord: 15.4ms)


Started POST "/users" for ::1 at 2019-12-02 12:26:28 -0500
Processing by UsersController#create as HTML
  Parameters: {"utf8"=>"✓", "authenticity_token"=>"yAmMdGKXTEprFOuUuQ9TBKfk2brExHywVK9w6+ZmvcIk1fRe2w0i/5ibNubAgTeEZSFh6n7dtg2jlz66tTdRpQ==", "user"=>{"name"=>""}, "commit"=>"Create User"}
  [1m[35m (0.5ms)[0m  [1m[36mbegin transaction[0m
  ↳ app/controllers/users_controller.rb:17
  [1m[35m (0.5ms)[0m  [1m[31mrollback transaction[0m
  ↳ app/controllers/users_controller.rb:17
  Rendering users/new.html.erb within layouts/application
  Rendered users/_user_form.html.erb (47.7ms)
  Rendered users/new.html.erb within layouts/application (54.6ms)
Completed 200 OK in 739ms (Views: 653.9ms | ActiveRecord: 1.0ms)


Started POST "/users" for ::1 at 2019-12-02 12:31:29 -0500
Processing by UsersController#create as HTML
  Parameters: {"utf8"=>"✓", "authenticity_token"=>"KTqDtp2OTWtoNRVPQpj0tLgzFZ9M4OIy34jCvN4lnxHF5vucJBQj3pu6yD07FpA0evatz/b5KI8osIztjXRzdg==", "user"=>{"name"=>""}, "commit"=>"Create User"}
  [1m[35m (1.6ms)[0m  [1m[36mbegin transaction[0m
  ↳ app/controllers/users_controller.rb:17
  [1m[35m (0.5ms)[0m  [1m[31mrollback transaction[0m
  ↳ app/controllers/users_controller.rb:17
  Rendering users/new.html.erb within layouts/application
  Rendered shared/_error_form.html.erb (8.2ms)
  Rendered users/_user_form.html.erb (74.6ms)
  Rendered users/new.html.erb within layouts/application (80.7ms)
Completed 200 OK in 782ms (Views: 692.6ms | ActiveRecord: 2.2ms)


Started POST "/users" for ::1 at 2019-12-02 12:33:43 -0500
Processing by UsersController#create as HTML
  Parameters: {"utf8"=>"✓", "authenticity_token"=>"WqdxPZXpSZRG7hqIFXcMri6UoFYv5263oDXUnRaU9nW2ewkXLHMnIbVhx/ps+Wgu7FEYBpX+pApXDZrMRcUaEg==", "user"=>{"name"=>""}, "commit"=>"Create User"}
  [1m[35m (0.5ms)[0m  [1m[36mbegin transaction[0m
  ↳ app/controllers/users_controller.rb:17
  [1m[35m (0.5ms)[0m  [1m[31mrollback transaction[0m
  ↳ app/controllers/users_controller.rb:17
  Rendering users/new.html.erb within layouts/application
  Rendered shared/_error_form.html.erb (23.2ms)
  Rendered users/_user_form.html.erb (75.5ms)
  Rendered users/new.html.erb within layouts/application (94.2ms)
Completed 200 OK in 811ms (Views: 709.7ms | ActiveRecord: 1.0ms)


Started GET "/users/new" for ::1 at 2019-12-02 12:33:51 -0500
Processing by UsersController#new as HTML
  Rendering users/new.html.erb within layouts/application
  Rendered shared/_error_form.html.erb (13.1ms)
  Rendered users/_user_form.html.erb (51.8ms)
  Rendered users/new.html.erb within layouts/application (60.5ms)
Completed 200 OK in 626ms (Views: 603.8ms | ActiveRecord: 0.0ms)


Started POST "/users" for ::1 at 2019-12-02 12:33:53 -0500
Processing by UsersController#create as HTML
  Parameters: {"utf8"=>"✓", "authenticity_token"=>"OJlbqJekEuYa8kOnNN3cxxEjn3J1PZ87w4WmBGANXHTURSOCLj58U+l9ntVNU7hH0+YnIs8kVYY0vehVM1ywEw==", "user"=>{"name"=>""}, "commit"=>"Create User"}
  [1m[35m (0.6ms)[0m  [1m[36mbegin transaction[0m
  ↳ app/controllers/users_controller.rb:17
  [1m[35m (1.2ms)[0m  [1m[31mrollback transaction[0m
  ↳ app/controllers/users_controller.rb:17
  Rendering users/new.html.erb within layouts/application
  Rendered shared/_error_form.html.erb (6.2ms)
  Rendered users/_user_form.html.erb (61.9ms)
  Rendered users/new.html.erb within layouts/application (78.8ms)
Completed 200 OK in 841ms (Views: 749.5ms | ActiveRecord: 1.7ms)


Started GET "/visits/new" for ::1 at 2019-12-02 12:37:56 -0500
Processing by VisitsController#new as HTML
  Rendering visits/new.html.erb within layouts/application
  Rendered visits/new.html.erb within layouts/application (1.6ms)
Completed 200 OK in 755ms (Views: 600.5ms | ActiveRecord: 7.6ms)


Started GET "/visits/new" for ::1 at 2019-12-02 12:39:47 -0500
Processing by VisitsController#new as HTML
  Rendering visits/new.html.erb within layouts/application
  Rendered visits/new.html.erb within layouts/application (2510.5ms)
Completed 500 Internal Server Error in 2548ms (ActiveRecord: 0.0ms)


  
ActionView::Template::Error (undefined method `visits_path' for #<#<Class:0x00007fd6a0d907a0>:0x00007fd6a8174a90>):
    1: <h1>Log a New Visit</h1>
    2: 
    3: <%= form_for @visit do |v| %>
    4:   <%= v.collection_select :user, User.all, :id, :name %>
    5: 
    6: <% end %>
  
app/views/visits/new.html.erb:3:in `_app_views_visits_new_html_erb___1697685087080397725_70279900318240'
Started GET "/visits/new" for ::1 at 2019-12-02 12:41:28 -0500
Processing by VisitsController#new as HTML
Completed 500 Internal Server Error in 19291ms (ActiveRecord: 6.6ms)


  
SystemExit (exit):
  
(byebug):1:in `exit'
(byebug):1:in `new'
app/controllers/visits_controller.rb:6:in `new'
Started GET "/visits/new" for ::1 at 2019-12-02 12:42:44 -0500
Processing by VisitsController#new as HTML
  Rendering visits/new.html.erb within layouts/application
  Rendered visits/new.html.erb within layouts/application (3.3ms)
Completed 500 Internal Server Error in 197ms (ActiveRecord: 15.5ms)


  
SyntaxError (/Users/canikwe/Development/102819/lecture-material/starter-code/rails-review/trsm/app/views/visits/new.html.erb:5: syntax error, unexpected ',', expecting ')'
...d=( v.collection_select (:user, User.all, :id, :name) );@out...
...                              ^
/Users/canikwe/Development/102819/lecture-material/starter-code/rails-review/trsm/app/views/visits/new.html.erb:5: syntax error, unexpected ',', expecting '.' or &. or :: or '['
...n_select (:user, User.all, :id, :name) );@output_buffer.safe...
...                              ^
/Users/canikwe/Development/102819/lecture-material/starter-code/rails-review/trsm/app/views/visits/new.html.erb:5: syntax error, unexpected ')', expecting end
...(:user, User.all, :id, :name) );@output_buffer.safe_append='
...                              ^
/Users/canikwe/Development/102819/lecture-material/starter-code/rails-review/trsm/app/views/visits/new.html.erb:9: syntax error, unexpected ensure, expecting end-of-input
          ensure
          ^~~~~~):
  
app/views/visits/new.html.erb:5: syntax error, unexpected ',', expecting ')'
app/views/visits/new.html.erb:5: syntax error, unexpected ',', expecting '.' or &. or :: or '['
app/views/visits/new.html.erb:5: syntax error, unexpected ')', expecting end
app/views/visits/new.html.erb:9: syntax error, unexpected ensure, expecting end-of-input
Started GET "/visits/new" for ::1 at 2019-12-02 12:43:17 -0500
Processing by VisitsController#new as HTML
  Rendering visits/new.html.erb within layouts/application
  [1m[36mUser Load (0.2ms)[0m  [1m[34mSELECT  "users".* FROM "users" LIMIT ?[0m  [["LIMIT", 11]]
  ↳ app/views/visits/new.html.erb:4
Started GET "/visits/new" for ::1 at 2019-12-02 12:44:00 -0500
  Rendered visits/new.html.erb within layouts/application (42963.0ms)
Processing by VisitsController#new as HTML
Completed 500 Internal Server Error in 43008ms (ActiveRecord: 1.1ms)


  
SystemExit (exit):
  
(byebug):1:in `exit'
(byebug):1:in `_app_views_visits_new_html_erb___1697685087080397725_70279956449560'
app/views/visits/new.html.erb:4:in `_app_views_visits_new_html_erb___1697685087080397725_70279956449560'
  Rendering visits/new.html.erb within layouts/application
  Rendered visits/new.html.erb within layouts/application (3955.5ms)
Started GET "/visits/new" for ::1 at 2019-12-02 12:44:05 -0500
Completed 500 Internal Server Error in 5046ms (ActiveRecord: 0.0ms)


  
ActionView::Template::Error (undefined method `visits_path' for #<#<Class:0x00007fd6a0db3520>:0x00007fd6a7aba880>):
    1: <h1>Log a New Visit</h1>
    2: 
    3: <%= form_for @visit do |v| %>
    4:   <%= v.collection_select(:user, User.all, :id, :name) %>
    5: 
    6: <% end %>
  
app/views/visits/new.html.erb:3:in `_app_views_visits_new_html_erb___1697685087080397725_70279955832460'
Processing by VisitsController#new as HTML
  Rendering visits/new.html.erb within layouts/application
  Rendered visits/new.html.erb within layouts/application (2151.5ms)
Completed 500 Internal Server Error in 4038ms (ActiveRecord: 0.0ms)


  
ActionView::Template::Error (undefined method `visits_path' for #<#<Class:0x00007fd6a0db3520>:0x00007fd6a7869a68>):
    1: <h1>Log a New Visit</h1>
    2: 
    3: <%= form_for @visit do |v| %>
    4:   <%= v.collection_select(:user, User.all, :id, :name) %>
    5: 
    6: <% end %>
  
app/views/visits/new.html.erb:3:in `_app_views_visits_new_html_erb___1697685087080397725_70279910878340'
Started GET "/visits/new" for ::1 at 2019-12-02 12:44:56 -0500
Processing by VisitsController#new as HTML
  Rendering visits/new.html.erb within layouts/application
  Rendered visits/new.html.erb within layouts/application (2510.2ms)
Completed 500 Internal Server Error in 2555ms (ActiveRecord: 0.0ms)


  
ActionView::Template::Error (undefined method `visits_path' for #<#<Class:0x00007fd6a0db3520>:0x00007fd6a26e0340>):
    1: <h1>Log a New Visit</h1>
    2: 
    3: <%= form_for @visit do |v| %>
    4:   <%= v.collection_select(:user, User.all, :id, :name) %>
    5: 
    6:   <%= v.submit %>
  
app/views/visits/new.html.erb:3:in `_app_views_visits_new_html_erb___1697685087080397725_70279959203420'
Started GET "/visits/new" for ::1 at 2019-12-02 12:45:54 -0500
Processing by VisitsController#new as HTML
  Rendering visits/new.html.erb within layouts/application
  [1m[36mUser Load (1.2ms)[0m  [1m[34mSELECT "users".* FROM "users"[0m
  ↳ app/views/visits/new.html.erb:4
  Rendered visits/new.html.erb within layouts/application (208.9ms)
Completed 200 OK in 968ms (Views: 804.7ms | ActiveRecord: 25.3ms)


Started GET "/visits/new" for ::1 at 2019-12-02 12:48:21 -0500
Processing by VisitsController#new as HTML
  Rendering visits/new.html.erb within layouts/application
  [1m[36mUser Load (1.1ms)[0m  [1m[34mSELECT "users".* FROM "users"[0m
  ↳ app/views/visits/new.html.erb:5
  [1m[36mLocation Load (2.4ms)[0m  [1m[34mSELECT "locations".* FROM "locations"[0m
  ↳ app/views/visits/new.html.erb:7
  Rendered visits/new.html.erb within layouts/application (454.5ms)
Completed 200 OK in 1105ms (Views: 1068.4ms | ActiveRecord: 20.0ms)


Started POST "/visits" for ::1 at 2019-12-02 12:48:32 -0500
  
AbstractController::ActionNotFound (The action 'create' could not be found for VisitsController):
  
actionpack (5.2.4) lib/abstract_controller/base.rb:129:in `process'
actionview (5.2.4) lib/action_view/rendering.rb:32:in `process'
actionpack (5.2.4) lib/action_controller/metal.rb:191:in `dispatch'
actionpack (5.2.4) lib/action_controller/metal.rb:252:in `dispatch'
actionpack (5.2.4) lib/action_dispatch/routing/route_set.rb:52:in `dispatch'
actionpack (5.2.4) lib/action_dispatch/routing/route_set.rb:34:in `serve'
actionpack (5.2.4) lib/action_dispatch/journey/router.rb:52:in `block in serve'
actionpack (5.2.4) lib/action_dispatch/journey/router.rb:35:in `each'
actionpack (5.2.4) lib/action_dispatch/journey/router.rb:35:in `serve'
actionpack (5.2.4) lib/action_dispatch/routing/route_set.rb:840:in `call'
rack (2.0.7) lib/rack/tempfile_reaper.rb:15:in `call'
rack (2.0.7) lib/rack/etag.rb:25:in `call'
rack (2.0.7) lib/rack/conditional_get.rb:38:in `call'
rack (2.0.7) lib/rack/head.rb:12:in `call'
actionpack (5.2.4) lib/action_dispatch/http/content_security_policy.rb:18:in `call'
rack (2.0.7) lib/rack/session/abstract/id.rb:232:in `context'
rack (2.0.7) lib/rack/session/abstract/id.rb:226:in `call'
actionpack (5.2.4) lib/action_dispatch/middleware/cookies.rb:670:in `call'
activerecord (5.2.4) lib/active_record/migration.rb:559:in `call'
actionpack (5.2.4) lib/action_dispatch/middleware/callbacks.rb:28:in `block in call'
activesupport (5.2.4) lib/active_support/callbacks.rb:98:in `run_callbacks'
actionpack (5.2.4) lib/action_dispatch/middleware/callbacks.rb:26:in `call'
actionpack (5.2.4) lib/action_dispatch/middleware/executor.rb:14:in `call'
actionpack (5.2.4) lib/action_dispatch/middleware/debug_exceptions.rb:61:in `call'
web-console (3.7.0) lib/web_console/middleware.rb:135:in `call_app'
web-console (3.7.0) lib/web_console/middleware.rb:30:in `block in call'
web-console (3.7.0) lib/web_console/middleware.rb:20:in `catch'
web-console (3.7.0) lib/web_console/middleware.rb:20:in `call'
actionpack (5.2.4) lib/action_dispatch/middleware/show_exceptions.rb:33:in `call'
railties (5.2.4) lib/rails/rack/logger.rb:38:in `call_app'
railties (5.2.4) lib/rails/rack/logger.rb:26:in `block in call'
activesupport (5.2.4) lib/active_support/tagged_logging.rb:71:in `block in tagged'
activesupport (5.2.4) lib/active_support/tagged_logging.rb:28:in `tagged'
activesupport (5.2.4) lib/active_support/tagged_logging.rb:71:in `tagged'
railties (5.2.4) lib/rails/rack/logger.rb:26:in `call'
sprockets-rails (3.2.1) lib/sprockets/rails/quiet_assets.rb:13:in `call'
actionpack (5.2.4) lib/action_dispatch/middleware/remote_ip.rb:81:in `call'
actionpack (5.2.4) lib/action_dispatch/middleware/request_id.rb:27:in `call'
rack (2.0.7) lib/rack/method_override.rb:22:in `call'
rack (2.0.7) lib/rack/runtime.rb:22:in `call'
activesupport (5.2.4) lib/active_support/cache/strategy/local_cache_middleware.rb:29:in `call'
actionpack (5.2.4) lib/action_dispatch/middleware/executor.rb:14:in `call'
actionpack (5.2.4) lib/action_dispatch/middleware/static.rb:127:in `call'
rack (2.0.7) lib/rack/sendfile.rb:111:in `call'
railties (5.2.4) lib/rails/engine.rb:524:in `call'
puma (3.12.1) lib/puma/configuration.rb:227:in `call'
puma (3.12.1) lib/puma/server.rb:660:in `handle_request'
puma (3.12.1) lib/puma/server.rb:474:in `process_client'
puma (3.12.1) lib/puma/server.rb:334:in `block in run'
puma (3.12.1) lib/puma/thread_pool.rb:135:in `block in spawn_thread'
Started POST "/visits" for ::1 at 2019-12-02 12:51:38 -0500
Processing by VisitsController#create as HTML
  Parameters: {"utf8"=>"✓", "authenticity_token"=>"w16gPfsrXO9Nxs0v16hqwnIR5dJlfrAoETs2qIn9NMMvgtgXQrEyWr5JEF2uJg5CsNRdgt9nepXmA3j52qzYpA==", "visit"=>{"user"=>"2", "location"=>"1"}, "commit"=>"Create Visit"}
Completed 500 Internal Server Error in 227ms (ActiveRecord: 6.9ms)


  
ActiveRecord::AssociationTypeMismatch (User(#70279912293020) expected, got "2" which is an instance of String(#70279896612320)):
  
app/controllers/visits_controller.rb:8:in `create'
Started POST "/visits" for ::1 at 2019-12-02 12:52:12 -0500
Processing by VisitsController#create as HTML
  Parameters: {"utf8"=>"✓", "authenticity_token"=>"w16gPfsrXO9Nxs0v16hqwnIR5dJlfrAoETs2qIn9NMMvgtgXQrEyWr5JEF2uJg5CsNRdgt9nepXmA3j52qzYpA==", "visit"=>{"user"=>"2", "location"=>"1"}, "commit"=>"Create Visit"}
Completed 500 Internal Server Error in 155431ms (ActiveRecord: 0.7ms)


  
SystemExit (exit):
  
(byebug):1:in `exit'
(byebug):1:in `create'
app/controllers/visits_controller.rb:9:in `create'
Started POST "/visits" for ::1 at 2019-12-02 12:54:55 -0500
Processing by VisitsController#create as HTML
  Parameters: {"utf8"=>"✓", "authenticity_token"=>"w16gPfsrXO9Nxs0v16hqwnIR5dJlfrAoETs2qIn9NMMvgtgXQrEyWr5JEF2uJg5CsNRdgt9nepXmA3j52qzYpA==", "visit"=>{"user"=>"2", "location"=>"1"}, "commit"=>"Create Visit"}
Completed 500 Internal Server Error in 53550ms (ActiveRecord: 0.0ms)


  
SystemExit (exit):
  
(byebug):1:in `exit'
(byebug):1:in `create'
app/controllers/visits_controller.rb:9:in `create'
Started GET "/visits/new" for ::1 at 2019-12-02 12:55:55 -0500
Processing by VisitsController#new as HTML
  Rendering visits/new.html.erb within layouts/application
  [1m[36mUser Load (8.9ms)[0m  [1m[34mSELECT "users".* FROM "users"[0m
  ↳ app/views/visits/new.html.erb:5
  Rendered visits/new.html.erb within layouts/application (1024.2ms)
Completed 500 Internal Server Error in 1065ms (ActiveRecord: 20.3ms)


  
ActionView::Template::Error (undefined method `user' for #<User:0x00007fd6a7b242d0>
Did you mean?  super):
    2: 
    3: <%= form_for @visit do |v| %>
    4:   <%= v.label :user %>
    5:   <%= v.collection_select(:user, User.all, :user, :name) %><br />
    6:   <%= v.label :location %>
    7:   <%= v.collection_select(:location, Location.all, :location, :name) %>
    8: 
  
app/views/visits/new.html.erb:5:in `block in _app_views_visits_new_html_erb___1697685087080397725_70279900401560'
app/views/visits/new.html.erb:3:in `_app_views_visits_new_html_erb___1697685087080397725_70279900401560'
Started GET "/users" for ::1 at 2019-12-02 12:56:24 -0500
Processing by UsersController#index as HTML
  Rendering users/index.html.erb within layouts/application
  [1m[36mUser Load (1.2ms)[0m  [1m[34mSELECT "users".* FROM "users"[0m
  ↳ app/views/users/index.html.erb:5
  Rendered users/index.html.erb within layouts/application (38.7ms)
Completed 200 OK in 789ms (Views: 757.3ms | ActiveRecord: 1.2ms)


Started GET "/users/new" for ::1 at 2019-12-02 12:56:28 -0500
Processing by UsersController#new as HTML
  Rendering users/new.html.erb within layouts/application
  Rendered shared/_error_form.html.erb (2.1ms)
  Rendered users/_user_form.html.erb (69.1ms)
  Rendered users/new.html.erb within layouts/application (79.6ms)
Completed 200 OK in 719ms (Views: 695.1ms | ActiveRecord: 0.0ms)


Started GET "/visits/new" for ::1 at 2019-12-02 12:56:34 -0500
Processing by VisitsController#new as HTML
  Rendering visits/new.html.erb within layouts/application
  [1m[36mUser Load (1.0ms)[0m  [1m[34mSELECT "users".* FROM "users"[0m
  ↳ app/views/visits/new.html.erb:5
  [1m[36mLocation Load (1.5ms)[0m  [1m[34mSELECT "locations".* FROM "locations"[0m
  ↳ app/views/visits/new.html.erb:7
  Rendered visits/new.html.erb within layouts/application (320.4ms)
Completed 200 OK in 1019ms (Views: 974.0ms | ActiveRecord: 17.3ms)


Started POST "/visits" for ::1 at 2019-12-02 12:56:39 -0500
Processing by VisitsController#create as HTML
  Parameters: {"utf8"=>"✓", "authenticity_token"=>"/I8y0xTlMUPZ8o+fuGb+0si9TsWKfTD9L+xtHBpA6ugQU0r5rX9f9ip9Uu3B6JpSCnj2lTBk+kDY1CNNSREGjw==", "visit"=>{"user"=>"2", "location"=>"1"}, "commit"=>"Create Visit"}
Completed 500 Internal Server Error in 68647ms (ActiveRecord: 0.0ms)


  
SystemExit (exit):
  
(byebug):1:in `exit'
(byebug):1:in `create'
app/controllers/visits_controller.rb:9:in `create'
Started GET "/visits/new" for ::1 at 2019-12-02 12:57:48 -0500
Processing by VisitsController#new as HTML
  Rendering visits/new.html.erb within layouts/application
  [1m[36mUser Load (1.3ms)[0m  [1m[34mSELECT "users".* FROM "users"[0m
  ↳ app/views/visits/new.html.erb:5
  [1m[36mLocation Load (1.6ms)[0m  [1m[34mSELECT "locations".* FROM "locations"[0m
  ↳ app/views/visits/new.html.erb:7
  Rendered visits/new.html.erb within layouts/application (209.2ms)
Completed 200 OK in 2241ms (Views: 1887.7ms | ActiveRecord: 2.9ms)


Started POST "/visits" for ::1 at 2019-12-02 12:58:04 -0500
Processing by VisitsController#create as HTML
  Parameters: {"utf8"=>"✓", "authenticity_token"=>"SqmLmOnYZOvVwFHyXfMcBs5tEzZBhBmyTSfi+8eClfumdfOyUEIKXiZPjIAkfXiGDKirZvud0w+6H6yqlNN5nA==", "visit"=>{"user_id"=>"2", "location_id"=>"1"}, "commit"=>"Create Visit"}
  [1m[35m (0.8ms)[0m  [1m[36mbegin transaction[0m
  ↳ app/controllers/visits_controller.rb:8
  [1m[36mLocation Load (1.6ms)[0m  [1m[34mSELECT  "locations".* FROM "locations" WHERE "locations"."id" = ? LIMIT ?[0m  [["id", 1], ["LIMIT", 1]]
  ↳ app/controllers/visits_controller.rb:8
  [1m[36mUser Load (1.6ms)[0m  [1m[34mSELECT  "users".* FROM "users" WHERE "users"."id" = ? LIMIT ?[0m  [["id", 2], ["LIMIT", 1]]
  ↳ app/controllers/visits_controller.rb:8
  [1m[36mVisit Create (1.6ms)[0m  [1m[32mINSERT INTO "visits" ("user_id", "location_id", "created_at", "updated_at") VALUES (?, ?, ?, ?)[0m  [["user_id", 2], ["location_id", 1], ["created_at", "2019-12-02 17:58:06.050653"], ["updated_at", "2019-12-02 17:58:06.050653"]]
  ↳ app/controllers/visits_controller.rb:8
  [1m[35m (1.6ms)[0m  [1m[36mcommit transaction[0m
  ↳ app/controllers/visits_controller.rb:8
Redirected to http://localhost:3000/users/2
Completed 302 Found in 610ms (ActiveRecord: 24.8ms)


Started GET "/users/2" for ::1 at 2019-12-02 12:58:06 -0500
Processing by UsersController#show as HTML
  Parameters: {"id"=>"2"}
  [1m[36mUser Load (1.5ms)[0m  [1m[34mSELECT  "users".* FROM "users" WHERE "users"."id" = ? LIMIT ?[0m  [["id", 2], ["LIMIT", 1]]
  ↳ app/controllers/users_controller.rb:46
  Rendering users/show.html.erb within layouts/application
  [1m[36mLocation Load (1.6ms)[0m  [1m[34mSELECT "locations".* FROM "locations" INNER JOIN "visits" ON "locations"."id" = "visits"."location_id" WHERE "visits"."user_id" = ?[0m  [["user_id", 2]]
  ↳ app/views/users/show.html.erb:6
  Rendered users/show.html.erb within layouts/application (108.3ms)
Completed 200 OK in 796ms (Views: 728.8ms | ActiveRecord: 3.1ms)


